d:\asmbook 7\examples\project32\debug\project.ilk
d:\asmbook 7\examples\project32\debug\project.exe
d:\asmbook 7\examples\project32\debug\project.pdb
d:\asmbook 7\examples\project32\debug\algorithmworkbench.obj
c:\users\jflinn18\desktop\template\debug\project.ilk
c:\users\jflinn18\desktop\template\debug\project.exe
c:\users\jflinn18\desktop\template\debug\project.pdb
c:\users\jflinn18\desktop\template\debug\addtwo.obj
c:\users\jflinn18\documents\github\aes\debug\addtwo.obj
c:\users\jflinn18\documents\github\aes\debug\link-cvtres.read.1.tlog
c:\users\jflinn18\documents\github\aes\debug\link-cvtres.write.1.tlog
c:\users\jflinn18\documents\github\aes\debug\link-rc.read.1.tlog
c:\users\jflinn18\documents\github\aes\debug\link-rc.write.1.tlog
c:\users\jflinn18\documents\github\aes\debug\link.6544-cvtres.read.1.tlog
c:\users\jflinn18\documents\github\aes\debug\link.6544-cvtres.write.1.tlog
c:\users\jflinn18\documents\github\aes\debug\link.6544-rc.read.1.tlog
c:\users\jflinn18\documents\github\aes\debug\link.6544-rc.write.1.tlog
c:\users\jflinn18\documents\github\aes\debug\link.6544.read.1.tlog
c:\users\jflinn18\documents\github\aes\debug\link.6544.write.1.tlog
c:\users\jflinn18\documents\github\aes\debug\link.command.1.tlog
c:\users\jflinn18\documents\github\aes\debug\link.read.1.tlog
c:\users\jflinn18\documents\github\aes\debug\link.write.1.tlog
c:\users\jflinn18\documents\github\aes\debug\project.write.1.tlog
c:\users\jflinn18\documents\github\aes\debug\project.pdb
c:\users\jflinn18\documents\github\aes\debug\project.tlog\link.command.1.tlog
c:\users\jflinn18\documents\github\aes\debug\project.tlog\link.read.1.tlog
c:\users\jflinn18\documents\github\aes\debug\project.tlog\link.write.1.tlog
c:\users\jflinn18\documents\github\aes\debug\project.tlog\project.write.1u.tlog
